<?xml version="1.0" encoding="UTF-8"?>
<testng-results ignored="0" total="4" passed="4" failed="0" skipped="0">
  <reporter-output>
  </reporter-output>
  <suite started-at="2024-09-07T22:51:20 IST" name="Opencart App Test Regression Suite" finished-at="2024-09-07T22:52:47 IST" duration-ms="86915">
    <groups>
    </groups>
    <test started-at="2024-09-07T22:51:20 IST" name="Home Page Test" finished-at="2024-09-07T22:51:54 IST" duration-ms="33880">
      <class name="com.qa.opencart.tests.HomePageTest">
        <test-method is-config="true" signature="setup(java.lang.String, java.lang.String, java.lang.String)[pri:0, instance:com.qa.opencart.tests.HomePageTest@5f80fa43]" started-at="2024-09-07T22:51:20 IST" name="setup" finished-at="2024-09-07T22:51:48 IST" duration-ms="27932" status="PASS">
          <params>
            <param index="0">
              <value>
                <![CDATA[chrome]]>
              </value>
            </param>
            <param index="1">
              <value>
                <![CDATA[128]]>
              </value>
            </param>
            <param index="2">
              <value>
                <![CDATA[HomePageTest]]>
              </value>
            </param>
          </params>
          <reporter-output>
          </reporter-output>
        </test-method> <!-- setup -->
        <test-method signature="loginPageTitleTest()[pri:1, instance:com.qa.opencart.tests.HomePageTest@5f80fa43]" started-at="2024-09-07T22:51:48 IST" name="loginPageTitleTest" finished-at="2024-09-07T22:51:53 IST" duration-ms="4758" status="PASS">
          <reporter-output>
          </reporter-output>
        </test-method> <!-- loginPageTitleTest -->
        <test-method signature="loginPageURLTest()[pri:2, instance:com.qa.opencart.tests.HomePageTest@5f80fa43]" started-at="2024-09-07T22:51:53 IST" name="loginPageURLTest" finished-at="2024-09-07T22:51:53 IST" duration-ms="242" status="PASS">
          <reporter-output>
          </reporter-output>
        </test-method> <!-- loginPageURLTest -->
        <test-method is-config="true" signature="tearDown()[pri:0, instance:com.qa.opencart.tests.HomePageTest@5f80fa43]" started-at="2024-09-07T22:51:53 IST" name="tearDown" finished-at="2024-09-07T22:51:54 IST" duration-ms="432" status="PASS">
          <reporter-output>
          </reporter-output>
        </test-method> <!-- tearDown -->
      </class> <!-- com.qa.opencart.tests.HomePageTest -->
    </test> <!-- Home Page Test -->
    <test started-at="2024-09-07T22:51:54 IST" name="Image Page Test" finished-at="2024-09-07T22:52:47 IST" duration-ms="52969">
      <class name="com.qa.opencart.tests.ImagePageTest">
        <test-method is-config="true" signature="setup(java.lang.String, java.lang.String, java.lang.String)[pri:0, instance:com.qa.opencart.tests.ImagePageTest@6a9950f1]" started-at="2024-09-07T22:51:54 IST" name="setup" finished-at="2024-09-07T22:52:10 IST" duration-ms="16440" status="PASS">
          <params>
            <param index="0">
              <value>
                <![CDATA[chrome]]>
              </value>
            </param>
            <param index="1">
              <value>
                <![CDATA[128]]>
              </value>
            </param>
            <param index="2">
              <value>
                <![CDATA[Image Test]]>
              </value>
            </param>
          </params>
          <reporter-output>
          </reporter-output>
        </test-method> <!-- setup -->
        <test-method is-config="true" signature="regSetup()[pri:0, instance:com.qa.opencart.tests.ImagePageTest@6a9950f1]" started-at="2024-09-07T22:52:10 IST" name="regSetup" finished-at="2024-09-07T22:52:15 IST" duration-ms="4934" status="PASS">
          <reporter-output>
          </reporter-output>
        </test-method> <!-- regSetup -->
        <test-method signature="testValidFileUpload()[pri:3, instance:com.qa.opencart.tests.ImagePageTest@6a9950f1]" started-at="2024-09-07T22:52:15 IST" name="testValidFileUpload" description="Test Valid upload image " finished-at="2024-09-07T22:52:46 IST" duration-ms="30732" status="PASS">
          <reporter-output>
          </reporter-output>
        </test-method> <!-- testValidFileUpload -->
        <test-method signature="testImageUpScaling()[pri:4, instance:com.qa.opencart.tests.ImagePageTest@6a9950f1]" started-at="2024-09-07T22:52:46 IST" name="testImageUpScaling" description="Test image upscaling upload image " finished-at="2024-09-07T22:52:46 IST" depends-on-methods="com.qa.opencart.tests.ImagePageTest.testValidFileUpload" duration-ms="165" status="PASS">
          <reporter-output>
          </reporter-output>
        </test-method> <!-- testImageUpScaling -->
        <test-method is-config="true" signature="tearDown()[pri:0, instance:com.qa.opencart.tests.ImagePageTest@6a9950f1]" started-at="2024-09-07T22:52:46 IST" name="tearDown" finished-at="2024-09-07T22:52:47 IST" duration-ms="670" status="PASS">
          <reporter-output>
          </reporter-output>
        </test-method> <!-- tearDown -->
      </class> <!-- com.qa.opencart.tests.ImagePageTest -->
    </test> <!-- Image Page Test -->
  </suite> <!-- Opencart App Test Regression Suite -->
</testng-results>
