<?xml version="1.0" encoding="UTF-8"?>
<testng-results ignored="0" total="4" passed="4" failed="0" skipped="0">
  <reporter-output>
  </reporter-output>
  <suite started-at="2024-09-07T22:30:23 IST" name="Opencart App Test Regression Suite" finished-at="2024-09-07T22:31:12 IST" duration-ms="49537">
    <groups>
    </groups>
    <test started-at="2024-09-07T22:30:23 IST" name="Home Page Test" finished-at="2024-09-07T22:31:00 IST" duration-ms="37076">
      <class name="com.qa.opencart.tests.HomePageTest">
        <test-method is-config="true" signature="setup(java.lang.String, java.lang.String, java.lang.String)[pri:0, instance:com.qa.opencart.tests.HomePageTest@40368a46]" started-at="2024-09-07T22:30:23 IST" name="setup" finished-at="2024-09-07T22:30:51 IST" duration-ms="28468" status="PASS">
          <params>
            <param index="0">
              <value>
                <![CDATA[chrome]]>
              </value>
            </param>
            <param index="1">
              <value>
                <![CDATA[128]]>
              </value>
            </param>
            <param index="2">
              <value>
                <![CDATA[HomePageTest]]>
              </value>
            </param>
          </params>
          <reporter-output>
          </reporter-output>
        </test-method> <!-- setup -->
        <test-method signature="loginPageTitleTest()[pri:1, instance:com.qa.opencart.tests.HomePageTest@40368a46]" started-at="2024-09-07T22:30:51 IST" name="loginPageTitleTest" finished-at="2024-09-07T22:30:59 IST" duration-ms="7135" status="PASS">
          <reporter-output>
          </reporter-output>
        </test-method> <!-- loginPageTitleTest -->
        <test-method signature="loginPageURLTest()[pri:2, instance:com.qa.opencart.tests.HomePageTest@40368a46]" started-at="2024-09-07T22:30:59 IST" name="loginPageURLTest" finished-at="2024-09-07T22:30:59 IST" duration-ms="260" status="PASS">
          <reporter-output>
          </reporter-output>
        </test-method> <!-- loginPageURLTest -->
        <test-method is-config="true" signature="tearDown()[pri:0, instance:com.qa.opencart.tests.HomePageTest@40368a46]" started-at="2024-09-07T22:30:59 IST" name="tearDown" finished-at="2024-09-07T22:31:00 IST" duration-ms="551" status="PASS">
          <reporter-output>
          </reporter-output>
        </test-method> <!-- tearDown -->
      </class> <!-- com.qa.opencart.tests.HomePageTest -->
    </test> <!-- Home Page Test -->
    <test started-at="2024-09-07T22:30:23 IST" name="Image Page Test" finished-at="2024-09-07T22:31:12 IST" duration-ms="49537">
      <class name="com.qa.opencart.tests.ImagePageTest">
        <test-method is-config="true" signature="setup(java.lang.String, java.lang.String, java.lang.String)[pri:0, instance:com.qa.opencart.tests.ImagePageTest@3fae596]" started-at="2024-09-07T22:30:23 IST" name="setup" finished-at="2024-09-07T22:30:49 IST" duration-ms="25662" status="PASS">
          <params>
            <param index="0">
              <value>
                <![CDATA[chrome]]>
              </value>
            </param>
            <param index="1">
              <value>
                <![CDATA[128]]>
              </value>
            </param>
            <param index="2">
              <value>
                <![CDATA[Image Test]]>
              </value>
            </param>
          </params>
          <reporter-output>
          </reporter-output>
        </test-method> <!-- setup -->
        <test-method is-config="true" signature="regSetup()[pri:0, instance:com.qa.opencart.tests.ImagePageTest@3fae596]" started-at="2024-09-07T22:30:49 IST" name="regSetup" finished-at="2024-09-07T22:30:56 IST" duration-ms="7053" status="PASS">
          <reporter-output>
          </reporter-output>
        </test-method> <!-- regSetup -->
        <test-method signature="testValidFileUpload()[pri:3, instance:com.qa.opencart.tests.ImagePageTest@3fae596]" started-at="2024-09-07T22:30:56 IST" name="testValidFileUpload" description="Test Valid upload image " finished-at="2024-09-07T22:31:12 IST" duration-ms="15894" status="PASS">
          <reporter-output>
          </reporter-output>
        </test-method> <!-- testValidFileUpload -->
        <test-method signature="testImageUpScaling()[pri:4, instance:com.qa.opencart.tests.ImagePageTest@3fae596]" started-at="2024-09-07T22:31:12 IST" name="testImageUpScaling" description="Test image upscaling upload image " finished-at="2024-09-07T22:31:12 IST" depends-on-methods="com.qa.opencart.tests.ImagePageTest.testValidFileUpload" duration-ms="136" status="PASS">
          <reporter-output>
          </reporter-output>
        </test-method> <!-- testImageUpScaling -->
        <test-method is-config="true" signature="tearDown()[pri:0, instance:com.qa.opencart.tests.ImagePageTest@3fae596]" started-at="2024-09-07T22:31:12 IST" name="tearDown" finished-at="2024-09-07T22:31:12 IST" duration-ms="579" status="PASS">
          <reporter-output>
          </reporter-output>
        </test-method> <!-- tearDown -->
      </class> <!-- com.qa.opencart.tests.ImagePageTest -->
    </test> <!-- Image Page Test -->
  </suite> <!-- Opencart App Test Regression Suite -->
</testng-results>
